<?xml version="1.0" encoding="UTF-8"?>
<!-- Generated by org.testng.reporters.JUnitXMLReporter -->
<testsuite hostname="HBADT4800457" name="Default test" tests="1" failures="0" timestamp="8 Feb 2021 07:07:43 GMT" time="0.039" errors="0">
  <testcase name="@BeforeClass setUp" time="0.0" classname="com.shortinterest.testscripts.TC_ValidateMarginApplication_001">
    <failure type="org.testng.TestNGException" message="
Parameter &amp;apos;browser&amp;apos; is required by @Configuration on method setUp but has not been marked @Optional or defined
in C:\Users\gajawadas\AppData\Local\Temp\testng-eclipse--1035826233\testng-customsuite.xml">
      <![CDATA[org.testng.TestNGException: 
Parameter 'browser' is required by @Configuration on method setUp but has not been marked @Optional or defined
in C:\Users\gajawadas\AppData\Local\Temp\testng-eclipse--1035826233\testng-customsuite.xml
	at org.testng.internal.Parameters.createParameters(Parameters.java:156)
	at org.testng.internal.Parameters.createParameters(Parameters.java:363)
	at org.testng.internal.Parameters.createConfigurationParameters(Parameters.java:86)
	at org.testng.internal.Invoker.invokeConfigurations(Invoker.java:202)
	at org.testng.internal.Invoker.invokeConfigurations(Invoker.java:143)
	at org.testng.internal.TestMethodWorker.invokeBeforeClassMethods(TestMethodWorker.java:169)
	at org.testng.internal.TestMethodWorker.run(TestMethodWorker.java:108)
	at org.testng.TestRunner.privateRun(TestRunner.java:746)
	at org.testng.TestRunner.run(TestRunner.java:600)
	at org.testng.SuiteRunner.runTest(SuiteRunner.java:366)
	at org.testng.SuiteRunner.runSequentially(SuiteRunner.java:361)
	at org.testng.SuiteRunner.privateRun(SuiteRunner.java:319)
	at org.testng.SuiteRunner.run(SuiteRunner.java:268)
	at org.testng.SuiteRunnerWorker.runSuite(SuiteRunnerWorker.java:52)
	at org.testng.SuiteRunnerWorker.run(SuiteRunnerWorker.java:86)
	at org.testng.TestNG.runSuitesSequentially(TestNG.java:1264)
	at org.testng.TestNG.runSuitesLocally(TestNG.java:1189)
	at org.testng.TestNG.runSuites(TestNG.java:1104)
	at org.testng.TestNG.run(TestNG.java:1076)
	at org.testng.remote.AbstractRemoteTestNG.run(AbstractRemoteTestNG.java:126)
	at org.testng.remote.RemoteTestNG.initAndRun(RemoteTestNG.java:152)
	at org.testng.remote.RemoteTestNG.main(RemoteTestNG.java:57)
]]>
    </failure>
  </testcase> <!-- @BeforeClass setUp -->
  <testcase name="@BeforeMethod loadPages" time="0.0" classname="com.shortinterest.testscripts.TC_ValidateMarginApplication_001">
    <skipped/>
  </testcase> <!-- @BeforeMethod loadPages -->
  <testcase name="@AfterClass tearDown" time="0.0" classname="com.shortinterest.testscripts.TC_ValidateMarginApplication_001">
    <skipped/>
  </testcase> <!-- @AfterClass tearDown -->
  <testcase name="MarginMoneyLineinGFW" time="0.008" classname="com.shortinterest.testscripts.TC_ValidateMarginApplication_001">
    <skipped/>
  </testcase> <!-- MarginMoneyLineinGFW -->
</testsuite> <!-- Default test -->
